<?xml version="1.0" encoding="UTF-8"?>
<!-- Generated by org.testng.reporters.JUnitReportReporter -->
<testsuite hostname="TuTo" failures="0" tests="1" name="com.qa.testcases.ViewProduct" time="8.473" errors="0" timestamp="21 Sep 2018 01:36:44 GMT" skipped="0">
  <testcase classname="com.qa.testcases.ViewProduct" name="historyViewProduct" time="8.473"/>
</testsuite> <!-- com.qa.testcases.ViewProduct -->
