<?xml version="1.0" encoding="UTF-8"?>
<!-- Generated by org.testng.reporters.JUnitReportReporter -->
<testsuite hostname="TuTo" failures="0" tests="1" name="com.qa.testcases.TestHistoryViewProduct" time="8.307" errors="0" timestamp="20 Sep 2018 08:24:58 GMT" skipped="0">
  <testcase classname="com.qa.testcases.TestHistoryViewProduct" name="historyViewProduct" time="8.307"/>
</testsuite> <!-- com.qa.testcases.TestHistoryViewProduct -->
