<?xml version="1.0" encoding="UTF-8"?>
<!-- Generated by org.testng.reporters.JUnitReportReporter -->
<testsuite hostname="TuTo" failures="0" tests="1" name="com.qa.testcases.demo" time="7.298" errors="0" timestamp="21 Sep 2018 09:48:54 GMT" skipped="0">
  <testcase classname="com.qa.testcases.demo" name="test" time="7.298"/>
</testsuite> <!-- com.qa.testcases.demo -->
